<?xml version="1.0" encoding="UTF-8"?>
<testsuite xmlns:xsi="http://www.w3.org/2001/XMLSchema-instance" xsi:noNamespaceSchemaLocation="https://maven.apache.org/surefire/maven-surefire-plugin/xsd/surefire-test-report-3.0.xsd" version="3.0" name="com.mycompany.syos.system.service.AuthServiceTest" time="0.043" tests="2" errors="0" skipped="0" failures="0">
  <properties>
[...]
</properties>
  <testcase name="should_ReturnNull_When_InvalidCredentialsProvided" classname="com.mycompany.syos.system.service.AuthServiceTest" time="0.037">
    <system-out><![CDATA[Enter your username:
Enter your password:
Invalid username or password.
]]></system-out>
  </testcase>
  <testcase name="should_CreateManager_When_RoleIsManager" classname="com.mycompany.syos.system.service.AuthServiceTest" time="0.004">
    <system-out><![CDATA[Enter your username:
Enter your password:
]]></system-out>
  </testcase>
</testsuite>