<?xml version="1.0" encoding="UTF-8"?>
<testsuite xmlns:xsi="http://www.w3.org/2001/XMLSchema-instance" xsi:noNamespaceSchemaLocation="https://maven.apache.org/surefire/maven-surefire-plugin/xsd/surefire-test-report-3.0.xsd" version="3.0" name="com.mycompany.syos.system.carttestsuite.TestClient" time="1.576" tests="1" errors="0" skipped="0" failures="0">
  <properties>
[...]
</properties>
  <testcase name="testConcurrentAddToCartActionsWithExistingUsers" classname="com.mycompany.syos.system.carttestsuite.TestClient" time="1.565">
    <system-out><![CDATA[Login Response Headers for user2: java.net.http.HttpHeaders@3e28d64b { {content-length=[0], date=[Thu, 06 Feb 2025 12:45:48 GMT], location=[/Pages/cart?action=getProducts], set-cookie=[JSESSIONID=859902407894671A347B1F72A673EC64; Path=/; HttpOnly]} }
Login Response Headers for user1: java.net.http.HttpHeaders@d831ddb0 { {content-length=[0], date=[Thu, 06 Feb 2025 12:45:48 GMT], location=[/Pages/cart?action=getProducts], set-cookie=[JSESSIONID=56BA0413F2170D34A407609935293FD3; Path=/; HttpOnly]} }
Login Response Headers for user3: java.net.http.HttpHeaders@d38a5d8c { {content-length=[0], date=[Thu, 06 Feb 2025 12:45:48 GMT], location=[/Pages/cart?action=getProducts], set-cookie=[JSESSIONID=BA009565CB3A3362188243C245FF9831; Path=/; HttpOnly]} }
Login Response Headers for user4: java.net.http.HttpHeaders@d1efdf9f { {content-length=[0], date=[Thu, 06 Feb 2025 12:45:48 GMT], location=[/Pages/cart?action=getProducts], set-cookie=[JSESSIONID=1B78E63975353DAEB2BEBF4009AC808A; Path=/; HttpOnly]} }
Login Response Body for user1: 
Login Response Body for user4: 
Login Response Body for user2: 
Login Response Body for user3: 
Login Response Headers for user5: java.net.http.HttpHeaders@8c36fc0c { {content-length=[0], date=[Thu, 06 Feb 2025 12:45:48 GMT], location=[/Pages/cart?action=getProducts], set-cookie=[JSESSIONID=B7D51E11575EE0DB909BCDF74D7154FF; Path=/; HttpOnly]} }
Login Response Body for user5: 
Login Response Headers for user0: java.net.http.HttpHeaders@40991a80 { {content-length=[0], date=[Thu, 06 Feb 2025 12:45:48 GMT], location=[/Pages/cart?action=getProducts], set-cookie=[JSESSIONID=E76128E51908DDF7F832481ED1386762; Path=/; HttpOnly]} }
Login Response Body for user0: 
Login Response Headers for user7: java.net.http.HttpHeaders@e34b98c2 { {content-length=[0], date=[Thu, 06 Feb 2025 12:45:48 GMT], location=[/Pages/cart?action=getProducts], set-cookie=[JSESSIONID=B62FDB12527947614D3E3E72B2109562; Path=/; HttpOnly]} }
Login Response Body for user7: 
Login Response Headers for user6: java.net.http.HttpHeaders@f9567d49 { {content-length=[0], date=[Thu, 06 Feb 2025 12:45:48 GMT], location=[/Pages/cart?action=getProducts], set-cookie=[JSESSIONID=7679BB8CAC82DF81726619BCD4D0A595; Path=/; HttpOnly]} }
Login Response Body for user6: 
Test passed for user 6: 






<!DOCTYPE html>
<html>
<head>
    <meta charset="UTF-8">
    <title>Your Cart</title>
    <link href="https://cdn.jsdelivr.net/npm/bootstrap@5.3.0-alpha3/dist/css/bootstrap.min.css" rel="stylesheet">
    <link rel="stylesheet" href="https://cdnjs.cloudflare.com/ajax/libs/font-awesome/6.0.0/css/all.min.css">
    <link rel="stylesheet" href="https://cdnjs.cloudflare.com/ajax/libs/font-awesome/6.4.2/css/all.min.css">
    <link rel="stylesheet" href="/css/Products.css">
    <link rel="stylesheet" href="/css/Cart.css">   
</head>
<body>
    <header style="background-color: #121212; padding: 10px 20px; font-family: Arial, sans-serif; color: #fff; font-size: 16px;">
    <div style="max-width: 1200px; margin: 0 auto; display: flex; justify-content: space-between; align-items: center;">
        <!-- Logo -->
        <div style="font-size: 22px; font-weight: bold;">
            <a href="#" style="color: #fff; text-decoration: none;">SYOS</a>
        </div>

        <!-- Navigation Links -->
        <nav>
            <ul style="list-style: none; display: flex; margin: 0; padding: 0;">
                <li style="margin: 0 15px;">
                    <a href="#" style="color: #fff; text-decoration: none; padding: 5px 10px; transition: color 0.3s ease;">Home</a>
                </li>
                <li style="margin: 0 15px;">
                    <a href="#" style="color: #fff; text-decoration: none; padding: 5px 10px; transition: color 0.3s ease;">About</a>
                </li>
                <li style="margin: 0 15px;">
                    <a href="#" style="color: #fff; text-decoration: none; padding: 5px 10px; transition: color 0.3s ease;">Services</a>
                </li>
                <li style="margin: 0 15px;">
                    <a href="#" style="color: #fff; text-decoration: none; padding: 5px 10px; transition: color 0.3s ease;">Contact</a>
                </li>
            </ul>
        </nav>
        <div>
            <a href="#" style="color: #fff; text-decoration: none; padding: 8px 15px; border: 1px solid #fff; border-radius: 5px; transition: background-color 0.3s ease, color 0.3s ease;">
                Get Started
            </a>
        </div>
    </div>
</header>

    <!-- Slideshow -->
    <div id="slideshow" class="carousel slide" data-bs-ride="carousel">
        <div class="carousel-inner">
            <div class="carousel-item active">
                <img src="/images/8.png" class="d-block w-100" alt="Slide 1">
            </div>
            <div class="carousel-item">
                <img src="/images/11.png" class="d-block w-100" alt="Slide 2">
            </div>
        </div>
        <button class="carousel-control-prev" type="button" data-bs-target="#slideshow" data-bs-slide="prev">
            <span class="carousel-control-prev-icon" aria-hidden="true"></span>
            <span class="visually-hidden">Previous</span>
        </button>
        <button class="carousel-control-next" type="button" data-bs-target="#slideshow" data-bs-slide="next">
            <span class="carousel-control-next-icon" aria-hidden="true"></span>
            <span class="visually-hidden">Next</span>
        </button>
    </div>
            
    <!--Browse Categories-->
     <div class="container text-center mt-5">
        <h2 class="category-heading">Browse All Categories</h2>
        <p class="category-subtext">Sticky niche markets via goal-oriented networks. Completely recapitalize.</p>
        <div class="row mt-4 justify-content-center">
            <div class="col-md-2">
                <div class="category-card active-category">
                    <img src="/images/4.png" alt="Medicine">
                    <h5>Medicine</h5>             
                </div>
            </div>
            <div class="col-md-2">
                <div class="category-card active-category">
                    <img src="/images/13.png" alt="Makeup">
                    <h5>Makeup</h5>               
                </div>
            </div>
            <div class="col-md-2">
                <div class="category-card active-category">
                    <img src="/images/7.png" alt="Vegetables">
                    <h5>Vegetables</h5>               
                </div>
            </div>
            <div class="col-md-2">
                <div class="category-card active-category">
                    <img src="/images/5.png" alt="Stationary">
                    <h5>Stationary</h5>             
                </div>
            </div>
            <div class="col-md-2">
                <div class="category-card active-category">
                    <img src="/images/10.png" alt="Dessert">
                    <h5>Dessert</h5>               
                </div>
            </div>
            <div class="col-md-2">
                <div class="category-card active-category">
                    <img src="/images/9.png" alt="Toys">
                    <h5>Toys</h5>                 
                </div>
            </div>
        </div>
    </div>
    <div class="container mt-5">
        <div class="row">
            <!-- Fresh Vegetable Banner -->
            <div class="col-md-6">
                <div class="promo-card">
                    <img src="/images/shop1.png" alt="Fresh Vegetables" class="promo-image">
                    <div class="promo-overlay">
                        <h4>Enjoy up to 20%</h4>
                        <h2>Fresh Vegetable</h2>
                        <a href="#" class="btn btn-success">Shop Now</a>
                    </div>
                </div>
            </div>

            <!-- Organic Product Banner -->
            <div class="col-md-6">
                <div class="promo-card">
                    <img src="/images/oven.webp" alt="Organic Products" class="promo-image">
                    <div class="promo-overlay">
                        <h4>Enjoy up to 20% on all Products</h4>
                        <h2>All Tasted Organic & Fresh Product</h2>
                        <a href="#" class="btn btn-warning">Shop Now</a>
                    </div>
                </div>
            </div>
        </div>
    </div>

<section style="background-color: #ffffff; padding: 40px 20px;">
    <div style="max-width: 1200px; margin: 0 auto;">
        <h2 style="text-align: center; color: #d57b1f;">Our Products</h2>

        <!-- Product Form -->
    <form id="cartForm" method="post" action="/Pages/cart">
        <input type="hidden" name="action" value="sendToCartItems" />

        <div class="row row-cols-1 row-cols-md-4 g-4" id="productGrid">
            
                <div class="col">
                    <div class="product-card p-3 original-product">
                        
                       <!-- Stock and Sale Badges -->
                        <span class="badge-stock">IN STOCK</span>
                        <span class="badge-sale">SALE</span>
                        <div class="image-container">
                            <img src="/images/icecreamcake.png" alt="Imorich Ice Cream Cake" class="product-img">
                        </div>
                        
                        <!-- Hover Overlay (Icons) -->
                                <div class="hover-overlay">
                                    <div class="icon-btn"><i class="fa-regular fa-heart"></i></div>  
                                    <div class="icon-btn"><i class="fa-solid fa-shuffle"></i></div>  
                                    <div class="icon-btn"><i class="fa-regular fa-eye"></i></div>  
                                    <div class="icon-btn"><i class="fa-solid fa-cart-plus"></i></div>  
                                </div>
                                <div class="star-rating">★ ★ ★ ★ ☆ (4.5)</div>
                            <p class="card-title mb-1">Imorich Ice Cream Cake</p>
                            
                        <!-- Price Display -->
                        <p class="price">
                            $<span class="product-price">
                                132.0
                                 <span class="old-price">$150.00</span>
                            </span>
                        </p>
                        
                        <!-- Quantity Controls -->
                        <div class="quantity-container" style="display: none;">
                            <button type="button" class="quantity-btn decrement">-</button>
                            <input type="number" name="quantity-1" value="0" min="0" class="quantity-input">
                            <button type="button" class="quantity-btn increment">+</button>

                            <button type="button" class="btn btn-danger trash-btn" style="margin-left: 10px;">
                         <i class="fa-solid fa-trash"></i>
                         </button>
                        </div>

                        <!-- Total Display -->
                      <p class="fw-bold text-center total-price-container" style="display: none;">
                            Total: $<span class="total-price">0.00</span>
                        </p>

                        <!-- Clone Button -->
                        <div class="text-center mt-2">
                            <button type="button" class="btn btn-primary test-btn">Add To Cart</button>
                        </div>

                        <input type="hidden" name="productId" value="1" />
                    </div>
                </div>
            
                <div class="col">
                    <div class="product-card p-3 original-product">
                        
                       <!-- Stock and Sale Badges -->
                        <span class="badge-stock">IN STOCK</span>
                        <span class="badge-sale">SALE</span>
                        <div class="image-container">
                            <img src="/images/icecream.png" alt="Imorich Vanilla IceCream" class="product-img">
                        </div>
                        
                        <!-- Hover Overlay (Icons) -->
                                <div class="hover-overlay">
                                    <div class="icon-btn"><i class="fa-regular fa-heart"></i></div>  
                                    <div class="icon-btn"><i class="fa-solid fa-shuffle"></i></div>  
                                    <div class="icon-btn"><i class="fa-regular fa-eye"></i></div>  
                                    <div class="icon-btn"><i class="fa-solid fa-cart-plus"></i></div>  
                                </div>
                                <div class="star-rating">★ ★ ★ ★ ☆ (4.5)</div>
                            <p class="card-title mb-1">Imorich Vanilla IceCream</p>
                            
                        <!-- Price Display -->
                        <p class="price">
                            $<span class="product-price">
                                102.01
                                 <span class="old-price">$150.00</span>
                            </span>
                        </p>
                        
                        <!-- Quantity Controls -->
                        <div class="quantity-container" style="display: none;">
                            <button type="button" class="quantity-btn decrement">-</button>
                            <input type="number" name="quantity-15" value="0" min="0" class="quantity-input">
                            <button type="button" class="quantity-btn increment">+</button>

                            <button type="button" class="btn btn-danger trash-btn" style="margin-left: 10px;">
                         <i class="fa-solid fa-trash"></i>
                         </button>
                        </div>

                        <!-- Total Display -->
                      <p class="fw-bold text-center total-price-container" style="display: none;">
                            Total: $<span class="total-price">0.00</span>
                        </p>

                        <!-- Clone Button -->
                        <div class="text-center mt-2">
                            <button type="button" class="btn btn-primary test-btn">Add To Cart</button>
                        </div>

                        <input type="hidden" name="productId" value="15" />
                    </div>
                </div>
            
                <div class="col">
                    <div class="product-card p-3 original-product">
                        
                       <!-- Stock and Sale Badges -->
                        <span class="badge-stock">IN STOCK</span>
                        <span class="badge-sale">SALE</span>
                        <div class="image-container">
                            <img src="/images/sunquick.png" alt="Sunquick Bottle" class="product-img">
                        </div>
                        
                        <!-- Hover Overlay (Icons) -->
                                <div class="hover-overlay">
                                    <div class="icon-btn"><i class="fa-regular fa-heart"></i></div>  
                                    <div class="icon-btn"><i class="fa-solid fa-shuffle"></i></div>  
                                    <div class="icon-btn"><i class="fa-regular fa-eye"></i></div>  
                                    <div class="icon-btn"><i class="fa-solid fa-cart-plus"></i></div>  
                                </div>
                                <div class="star-rating">★ ★ ★ ★ ☆ (4.5)</div>
                            <p class="card-title mb-1">Sunquick Bottle</p>
                            
                        <!-- Price Display -->
                        <p class="price">
                            $<span class="product-price">
                                306.03
                                 <span class="old-price">$150.00</span>
                            </span>
                        </p>
                        
                        <!-- Quantity Controls -->
                        <div class="quantity-container" style="display: none;">
                            <button type="button" class="quantity-btn decrement">-</button>
                            <input type="number" name="quantity-17" value="0" min="0" class="quantity-input">
                            <button type="button" class="quantity-btn increment">+</button>

                            <button type="button" class="btn btn-danger trash-btn" style="margin-left: 10px;">
                         <i class="fa-solid fa-trash"></i>
                         </button>
                        </div>

                        <!-- Total Display -->
                      <p class="fw-bold text-center total-price-container" style="display: none;">
                            Total: $<span class="total-price">0.00</span>
                        </p>

                        <!-- Clone Button -->
                        <div class="text-center mt-2">
                            <button type="button" class="btn btn-primary test-btn">Add To Cart</button>
                        </div>

                        <input type="hidden" name="productId" value="17" />
                    </div>
                </div>
            
                <div class="col">
                    <div class="product-card p-3 original-product">
                        
                       <!-- Stock and Sale Badges -->
                        <span class="badge-stock">IN STOCK</span>
                        <span class="badge-sale">SALE</span>
                        <div class="image-container">
                            <img src="/images/nivea.png" alt="Nivea Skincare" class="product-img">
                        </div>
                        
                        <!-- Hover Overlay (Icons) -->
                                <div class="hover-overlay">
                                    <div class="icon-btn"><i class="fa-regular fa-heart"></i></div>  
                                    <div class="icon-btn"><i class="fa-solid fa-shuffle"></i></div>  
                                    <div class="icon-btn"><i class="fa-regular fa-eye"></i></div>  
                                    <div class="icon-btn"><i class="fa-solid fa-cart-plus"></i></div>  
                                </div>
                                <div class="star-rating">★ ★ ★ ★ ☆ (4.5)</div>
                            <p class="card-title mb-1">Nivea Skincare</p>
                            
                        <!-- Price Display -->
                        <p class="price">
                            $<span class="product-price">
                                102.01
                                 <span class="old-price">$150.00</span>
                            </span>
                        </p>
                        
                        <!-- Quantity Controls -->
                        <div class="quantity-container" style="display: none;">
                            <button type="button" class="quantity-btn decrement">-</button>
                            <input type="number" name="quantity-20" value="0" min="0" class="quantity-input">
                            <button type="button" class="quantity-btn increment">+</button>

                            <button type="button" class="btn btn-danger trash-btn" style="margin-left: 10px;">
                         <i class="fa-solid fa-trash"></i>
                         </button>
                        </div>

                        <!-- Total Display -->
                      <p class="fw-bold text-center total-price-container" style="display: none;">
                            Total: $<span class="total-price">0.00</span>
                        </p>

                        <!-- Clone Button -->
                        <div class="text-center mt-2">
                            <button type="button" class="btn btn-primary test-btn">Add To Cart</button>
                        </div>

                        <input type="hidden" name="productId" value="20" />
                    </div>
                </div>
            
                <div class="col">
                    <div class="product-card p-3 original-product">
                        
                       <!-- Stock and Sale Badges -->
                        <span class="badge-stock">IN STOCK</span>
                        <span class="badge-sale">SALE</span>
                        <div class="image-container">
                            <img src="/images/ponds.png" alt="Ponds" class="product-img">
                        </div>
                        
                        <!-- Hover Overlay (Icons) -->
                                <div class="hover-overlay">
                                    <div class="icon-btn"><i class="fa-regular fa-heart"></i></div>  
                                    <div class="icon-btn"><i class="fa-solid fa-shuffle"></i></div>  
                                    <div class="icon-btn"><i class="fa-regular fa-eye"></i></div>  
                                    <div class="icon-btn"><i class="fa-solid fa-cart-plus"></i></div>  
                                </div>
                                <div class="star-rating">★ ★ ★ ★ ☆ (4.5)</div>
                            <p class="card-title mb-1">Ponds</p>
                            
                        <!-- Price Display -->
                        <p class="price">
                            $<span class="product-price">
                                1.02
                                 <span class="old-price">$150.00</span>
                            </span>
                        </p>
                        
                        <!-- Quantity Controls -->
                        <div class="quantity-container" style="display: none;">
                            <button type="button" class="quantity-btn decrement">-</button>
                            <input type="number" name="quantity-21" value="0" min="0" class="quantity-input">
                            <button type="button" class="quantity-btn increment">+</button>

                            <button type="button" class="btn btn-danger trash-btn" style="margin-left: 10px;">
                         <i class="fa-solid fa-trash"></i>
                         </button>
                        </div>

                        <!-- Total Display -->
                      <p class="fw-bold text-center total-price-container" style="display: none;">
                            Total: $<span class="total-price">0.00</span>
                        </p>

                        <!-- Clone Button -->
                        <div class="text-center mt-2">
                            <button type="button" class="btn btn-primary test-btn">Add To Cart</button>
                        </div>

                        <input type="hidden" name="productId" value="21" />
                    </div>
                </div>
            
                <div class="col">
                    <div class="product-card p-3 original-product">
                        
                       <!-- Stock and Sale Badges -->
                        <span class="badge-stock">IN STOCK</span>
                        <span class="badge-sale">SALE</span>
                        <div class="image-container">
                            <img src="/images/parata.png" alt="Frozen Parata Kest" class="product-img">
                        </div>
                        
                        <!-- Hover Overlay (Icons) -->
                                <div class="hover-overlay">
                                    <div class="icon-btn"><i class="fa-regular fa-heart"></i></div>  
                                    <div class="icon-btn"><i class="fa-solid fa-shuffle"></i></div>  
                                    <div class="icon-btn"><i class="fa-regular fa-eye"></i></div>  
                                    <div class="icon-btn"><i class="fa-solid fa-cart-plus"></i></div>  
                                </div>
                                <div class="star-rating">★ ★ ★ ★ ☆ (4.5)</div>
                            <p class="card-title mb-1">Frozen Parata Kest</p>
                            
                        <!-- Price Display -->
                        <p class="price">
                            $<span class="product-price">
                                102.01
                                 <span class="old-price">$150.00</span>
                            </span>
                        </p>
                        
                        <!-- Quantity Controls -->
                        <div class="quantity-container" style="display: none;">
                            <button type="button" class="quantity-btn decrement">-</button>
                            <input type="number" name="quantity-28" value="0" min="0" class="quantity-input">
                            <button type="button" class="quantity-btn increment">+</button>

                            <button type="button" class="btn btn-danger trash-btn" style="margin-left: 10px;">
                         <i class="fa-solid fa-trash"></i>
                         </button>
                        </div>

                        <!-- Total Display -->
                      <p class="fw-bold text-center total-price-container" style="display: none;">
                            Total: $<span class="total-price">0.00</span>
                        </p>

                        <!-- Clone Button -->
                        <div class="text-center mt-2">
                            <button type="button" class="btn btn-primary test-btn">Add To Cart</button>
                        </div>

                        <input type="hidden" name="productId" value="28" />
                    </div>
                </div>
            
                <div class="col">
                    <div class="product-card p-3 original-product">
                        
                       <!-- Stock and Sale Badges -->
                        <span class="badge-stock">IN STOCK</span>
                        <span class="badge-sale">SALE</span>
                        <div class="image-container">
                            <img src="/images/apples.png" alt="Apple Keels" class="product-img">
                        </div>
                        
                        <!-- Hover Overlay (Icons) -->
                                <div class="hover-overlay">
                                    <div class="icon-btn"><i class="fa-regular fa-heart"></i></div>  
                                    <div class="icon-btn"><i class="fa-solid fa-shuffle"></i></div>  
                                    <div class="icon-btn"><i class="fa-regular fa-eye"></i></div>  
                                    <div class="icon-btn"><i class="fa-solid fa-cart-plus"></i></div>  
                                </div>
                                <div class="star-rating">★ ★ ★ ★ ☆ (4.5)</div>
                            <p class="card-title mb-1">Apple Keels</p>
                            
                        <!-- Price Display -->
                        <p class="price">
                            $<span class="product-price">
                                20.4
                                 <span class="old-price">$150.00</span>
                            </span>
                        </p>
                        
                        <!-- Quantity Controls -->
                        <div class="quantity-container" style="display: none;">
                            <button type="button" class="quantity-btn decrement">-</button>
                            <input type="number" name="quantity-29" value="0" min="0" class="quantity-input">
                            <button type="button" class="quantity-btn increment">+</button>

                            <button type="button" class="btn btn-danger trash-btn" style="margin-left: 10px;">
                         <i class="fa-solid fa-trash"></i>
                         </button>
                        </div>

                        <!-- Total Display -->
                      <p class="fw-bold text-center total-price-container" style="display: none;">
                            Total: $<span class="total-price">0.00</span>
                        </p>

                        <!-- Clone Button -->
                        <div class="text-center mt-2">
                            <button type="button" class="btn btn-primary test-btn">Add To Cart</button>
                        </div>

                        <input type="hidden" name="productId" value="29" />
                    </div>
                </div>
            
                <div class="col">
                    <div class="product-card p-3 original-product">
                        
                       <!-- Stock and Sale Badges -->
                        <span class="badge-stock">IN STOCK</span>
                        <span class="badge-sale">SALE</span>
                        <div class="image-container">
                            <img src="/images/meat.png" alt="Meat" class="product-img">
                        </div>
                        
                        <!-- Hover Overlay (Icons) -->
                                <div class="hover-overlay">
                                    <div class="icon-btn"><i class="fa-regular fa-heart"></i></div>  
                                    <div class="icon-btn"><i class="fa-solid fa-shuffle"></i></div>  
                                    <div class="icon-btn"><i class="fa-regular fa-eye"></i></div>  
                                    <div class="icon-btn"><i class="fa-solid fa-cart-plus"></i></div>  
                                </div>
                                <div class="star-rating">★ ★ ★ ★ ☆ (4.5)</div>
                            <p class="card-title mb-1">Meat</p>
                            
                        <!-- Price Display -->
                        <p class="price">
                            $<span class="product-price">
                                206.04
                                 <span class="old-price">$150.00</span>
                            </span>
                        </p>
                        
                        <!-- Quantity Controls -->
                        <div class="quantity-container" style="display: none;">
                            <button type="button" class="quantity-btn decrement">-</button>
                            <input type="number" name="quantity-30" value="0" min="0" class="quantity-input">
                            <button type="button" class="quantity-btn increment">+</button>

                            <button type="button" class="btn btn-danger trash-btn" style="margin-left: 10px;">
                         <i class="fa-solid fa-trash"></i>
                         </button>
                        </div>

                        <!-- Total Display -->
                      <p class="fw-bold text-center total-price-container" style="display: none;">
                            Total: $<span class="total-price">0.00</span>
                        </p>

                        <!-- Clone Button -->
                        <div class="text-center mt-2">
                            <button type="button" class="btn btn-primary test-btn">Add To Cart</button>
                        </div>

                        <input type="hidden" name="productId" value="30" />
                    </div>
                </div>
            
                <div class="col">
                    <div class="product-card p-3 original-product">
                        
                       <!-- Stock and Sale Badges -->
                        <span class="badge-stock">IN STOCK</span>
                        <span class="badge-sale">SALE</span>
                        <div class="image-container">
                            <img src="/images/oven.png" alt="Singer Oven" class="product-img">
                        </div>
                        
                        <!-- Hover Overlay (Icons) -->
                                <div class="hover-overlay">
                                    <div class="icon-btn"><i class="fa-regular fa-heart"></i></div>  
                                    <div class="icon-btn"><i class="fa-solid fa-shuffle"></i></div>  
                                    <div class="icon-btn"><i class="fa-regular fa-eye"></i></div>  
                                    <div class="icon-btn"><i class="fa-solid fa-cart-plus"></i></div>  
                                </div>
                                <div class="star-rating">★ ★ ★ ★ ☆ (4.5)</div>
                            <p class="card-title mb-1">Singer Oven</p>
                            
                        <!-- Price Display -->
                        <p class="price">
                            $<span class="product-price">
                                10404.0
                                 <span class="old-price">$150.00</span>
                            </span>
                        </p>
                        
                        <!-- Quantity Controls -->
                        <div class="quantity-container" style="display: none;">
                            <button type="button" class="quantity-btn decrement">-</button>
                            <input type="number" name="quantity-31" value="0" min="0" class="quantity-input">
                            <button type="button" class="quantity-btn increment">+</button>

                            <button type="button" class="btn btn-danger trash-btn" style="margin-left: 10px;">
                         <i class="fa-solid fa-trash"></i>
                         </button>
                        </div>

                        <!-- Total Display -->
                      <p class="fw-bold text-center total-price-container" style="display: none;">
                            Total: $<span class="total-price">0.00</span>
                        </p>

                        <!-- Clone Button -->
                        <div class="text-center mt-2">
                            <button type="button" class="btn btn-primary test-btn">Add To Cart</button>
                        </div>

                        <input type="hidden" name="productId" value="31" />
                    </div>
                </div>
            
                <div class="col">
                    <div class="product-card p-3 original-product">
                        
                       <!-- Stock and Sale Badges -->
                        <span class="badge-stock">IN STOCK</span>
                        <span class="badge-sale">SALE</span>
                        <div class="image-container">
                            <img src="/images/LUX.webp" alt="LUX soap" class="product-img">
                        </div>
                        
                        <!-- Hover Overlay (Icons) -->
                                <div class="hover-overlay">
                                    <div class="icon-btn"><i class="fa-regular fa-heart"></i></div>  
                                    <div class="icon-btn"><i class="fa-solid fa-shuffle"></i></div>  
                                    <div class="icon-btn"><i class="fa-regular fa-eye"></i></div>  
                                    <div class="icon-btn"><i class="fa-solid fa-cart-plus"></i></div>  
                                </div>
                                <div class="star-rating">★ ★ ★ ★ ☆ (4.5)</div>
                            <p class="card-title mb-1">LUX soap</p>
                            
                        <!-- Price Display -->
                        <p class="price">
                            $<span class="product-price">
                                200.6
                                 <span class="old-price">$150.00</span>
                            </span>
                        </p>
                        
                        <!-- Quantity Controls -->
                        <div class="quantity-container" style="display: none;">
                            <button type="button" class="quantity-btn decrement">-</button>
                            <input type="number" name="quantity-35" value="0" min="0" class="quantity-input">
                            <button type="button" class="quantity-btn increment">+</button>

                            <button type="button" class="btn btn-danger trash-btn" style="margin-left: 10px;">
                         <i class="fa-solid fa-trash"></i>
                         </button>
                        </div>

                        <!-- Total Display -->
                      <p class="fw-bold text-center total-price-container" style="display: none;">
                            Total: $<span class="total-price">0.00</span>
                        </p>

                        <!-- Clone Button -->
                        <div class="text-center mt-2">
                            <button type="button" class="btn btn-primary test-btn">Add To Cart</button>
                        </div>

                        <input type="hidden" name="productId" value="35" />
                    </div>
                </div>
            
                <div class="col">
                    <div class="product-card p-3 original-product">
                        
                       <!-- Stock and Sale Badges -->
                        <span class="badge-stock">IN STOCK</span>
                        <span class="badge-sale">SALE</span>
                        <div class="image-container">
                            <img src="/images/maggie.png" alt="Maggie Noodles" class="product-img">
                        </div>
                        
                        <!-- Hover Overlay (Icons) -->
                                <div class="hover-overlay">
                                    <div class="icon-btn"><i class="fa-regular fa-heart"></i></div>  
                                    <div class="icon-btn"><i class="fa-solid fa-shuffle"></i></div>  
                                    <div class="icon-btn"><i class="fa-regular fa-eye"></i></div>  
                                    <div class="icon-btn"><i class="fa-solid fa-cart-plus"></i></div>  
                                </div>
                                <div class="star-rating">★ ★ ★ ★ ☆ (4.5)</div>
                            <p class="card-title mb-1">Maggie Noodles</p>
                            
                        <!-- Price Display -->
                        <p class="price">
                            $<span class="product-price">
                                200.6
                                 <span class="old-price">$150.00</span>
                            </span>
                        </p>
                        
                        <!-- Quantity Controls -->
                        <div class="quantity-container" style="display: none;">
                            <button type="button" class="quantity-btn decrement">-</button>
                            <input type="number" name="quantity-36" value="0" min="0" class="quantity-input">
                            <button type="button" class="quantity-btn increment">+</button>

                            <button type="button" class="btn btn-danger trash-btn" style="margin-left: 10px;">
                         <i class="fa-solid fa-trash"></i>
                         </button>
                        </div>

                        <!-- Total Display -->
                      <p class="fw-bold text-center total-price-container" style="display: none;">
                            Total: $<span class="total-price">0.00</span>
                        </p>

                        <!-- Clone Button -->
                        <div class="text-center mt-2">
                            <button type="button" class="btn btn-primary test-btn">Add To Cart</button>
                        </div>

                        <input type="hidden" name="productId" value="36" />
                    </div>
                </div>
            
        </div>

        <!-- Checkout Button -->
        <div class="text-center mt-3">
            <button type="submit" class="btn btn-success checkout-btn">Checkout to Cart</button>
        </div>
    </form>

    <!-- Toggle Cart Button (Will Change Icon Dynamically) -->
    <button id="toggleCartBtn" style="
        position: fixed;
        top: 20px;
        right: 20px;
        z-index: 1000;
        background: #ffffff;
        border-color: grey;
        border-width: thin 1px;
        color: black;
        padding: 10px 15px;
        font-size: 16px;
        cursor: pointer;
        border-radius: 5px;
        display: flex;
        align-items: center;
        justify-content: center;
    ">
        <i id="cartIcon" class="fa-solid fa-cart-shopping"></i> <!-- FontAwesome Cart Icon -->
    </button>

    <!-- Side Panel for Cloned Products -->
    <div id="sidePanel" style="
        position: fixed;
        top: 0;
        right: -600px;
        width: 600px;
        height: 100vh;
        background: white;
        border-left: 2px solid #ddd;
        box-shadow: -3px 0 5px rgba(0, 0, 0, 0.1);
        overflow-y: auto;
        padding: 15px;
        transition: right 0.3s ease-in-out;
    ">
        <h3 class="cart-heading">Cart Items</h3>

        <div id="sidePanelContent"></div>
        <hr>
        <!-- Grand Total Section -->
        <div class="container mt-4">
            <h3 class="cart-heading2">
                Grand Total: <span id="grandTotal">0.00</span>
            </h3>
        </div>
    </div>

 <!-- Image Carousel -->
    <div class="container mt-5">
        <div id="multiItemCarousel" class="carousel slide" data-bs-ride="carousel">
            
            <div class="carousel-inner">
                <!-- First Slide -->
                <div class="carousel-item active">
                    <div class="row">
                        <div class="col-md-4">
                            <img src="/images/Nivea_skincare.JPG" class="d-block w-100 carousel-img" alt="Luxury Beauty">
                        </div>
                        <div class="col-md-4">
                            <img src="/images/Imorich_vanilla_ice_cream.jpg" class="d-block w-100 carousel-img" alt="Makeup Brushes">
                        </div>
                        <div class="col-md-4">
                            <img src="/images/scent.webp" class="d-block w-100 carousel-img" alt="Natural Beauty">
                        </div>
                    </div>
                </div>

                <!-- Second Slide -->
                <div class="carousel-item">
                    <div class="row">
                        <div class="col-md-4">
                            <img src="/images/frozen_parata_krest.webp" class="d-block w-100 carousel-img" alt="Skincare Tips">
                        </div>
                        <div class="col-md-4">
                            <img src="/images/Sunquick_bottle.jpg" class="d-block w-100 carousel-img" alt="Beauty Hacks">
                        </div>
                        <div class="col-md-4">
                            <img src="/images/ponds1.jpg" class="d-block w-100 carousel-img" alt="Self-Care">
                        </div>
                    </div>
                </div>
            </div>
            
            <!-- Carousel Controls -->
            <button class="carousel-control-prev" type="button" data-bs-target="#multiItemCarousel" data-bs-slide="prev">
                <span class="carousel-control-prev-icon" aria-hidden="true"></span>
                <span class="visually-hidden">Previous</span>
            </button>
            <button class="carousel-control-next" type="button" data-bs-target="#multiItemCarousel" data-bs-slide="next">
                <span class="carousel-control-next-icon" aria-hidden="true"></span>
                <span class="visually-hidden">Next</span>
            </button>
        </div>
    </div>
            
 <!-- Top Divider for a Rich Look -->
    <div class="blog-divider"></div>

    <div class="container text-center mt-5">
        <h2 class="blog-heading">From The Blog</h2>
        <p class="blog-subtext">Get all the latest skincare essentials news, tips, and tricks to nurture your skin glowy, dewy best before you even think makeup.</p>

        <div class="row mt-4 justify-content-center">
            <!-- Blog Post 1 -->
            <div class="col-md-4">
                <div class="blog-card">
                    <img src="/images/27.png" alt="Luxury Beauty" class="blog-image">
                    <h5 class="blog-title">Tips & procedure to apply luxury beauty cosmetic cream</h5>
                    <p class="blog-date">APRIL 2, 2021</p>
                </div>
            </div>

            <!-- Blog Post 2 -->
            <div class="col-md-4">
                <div class="blog-card">
                    <img src="/images/25.png" alt="Makeup Brushes" class="blog-image">
                    <h5 class="blog-title">The best part about makeup is brush and its types</h5>
                    <p class="blog-date">APRIL 2, 2021</p>
                </div>
            </div>

            <!-- Blog Post 3 -->
            <div class="col-md-4">
                <div class="blog-card">
                    <img src="/images/32.png" alt="Lightweight Makeup" class="blog-image">
                    <h5 class="blog-title">Lightweight makeup to enhance your natural beauty</h5>
                    <p class="blog-date">APRIL 2, 2021</p>
                </div>
            </div>
        </div>
    </div>

    <div class="blog-bottom-space"></div>
</section>

<!--Footer-->
<footer style="background-color: #121212; color: #fff; padding: 40px 20px; font-family: Arial, sans-serif; font-size: 14px;">
    <div style="max-width: 1200px; margin: 0 auto; display: flex; flex-wrap: wrap; justify-content: space-between; align-items: flex-start;">
        <!-- Logo Section -->
        <div style="flex: 1; min-width: 200px; margin-bottom: 20px;">
            <h2 style="margin: 0; font-size: 20px;">SYOS</h2>
            <p style="margin-top: 5px; font-size: 12px; color: #999;">GROCERY STORE</p>
        </div>

        <!-- Links Section -->
        <div style="flex: 3; display: flex; justify-content: space-between; flex-wrap: wrap; min-width: 600px;">
            <div style="flex: 1; min-width: 150px; margin-bottom: 20px;">
                <ul style="list-style: none; padding: 0;">
                    <li><a href="#" style="color: #fff; text-decoration: none; font-size: 14px;">FAQs</a></li>
                    <li><a href="#" style="color: #fff; text-decoration: none; font-size: 14px;">Online Support</a></li>
                    <li><a href="#" style="color: #fff; text-decoration: none; font-size: 14px;">Submit a Complaint</a></li>
                </ul>
            </div>
            <div style="flex: 1; min-width: 150px; margin-bottom: 20px;">
                <ul style="list-style: none; padding: 0;">
                    <li><a href="#" style="color: #fff; text-decoration: none; font-size: 14px;">Services</a></li>
                    <li><a href="#" style="color: #fff; text-decoration: none; font-size: 14px;">Products</a></li>
                </ul>
            </div>
            <div style="flex: 1; min-width: 150px; margin-bottom: 20px;">
                <ul style="list-style: none; padding: 0;">
                    <li><a href="#" style="color: #fff; text-decoration: none; font-size: 14px;">Showcase</a></li>
                    <li><a href="#" style="color: #fff; text-decoration: none; font-size: 14px;">Delivery</a></li>
                    <li><a href="#" style="color: #fff; text-decoration: none; font-size: 14px;">Support</a></li>
                </ul>
            </div>
            <div style="flex: 1; min-width: 150px; margin-bottom: 20px;">
                <ul style="list-style: none; padding: 0;">
                    <li><a href="#" style="color: #fff; text-decoration: none; font-size: 14px;">About Us</a></li>
                    <li><a href="#" style="color: #fff; text-decoration: none; font-size: 14px;">Contact Us</a></li>
                    <li><a href="#" style="color: #fff; text-decoration: none; font-size: 14px;">Affiliates</a></li>
                    <li><a href="#" style="color: #fff; text-decoration: none; font-size: 14px;">Resources</a></li>
                </ul>
            </div>
        </div>
    </div>

    <!-- Social Media Section -->
    <div style="text-align: center; margin-top: 30px;">
        <a href="#" style="margin: 0 10px; color: #fff; font-size: 16px;"><i class="fab fa-facebook-f"></i></a>
        <a href="#" style="margin: 0 10px; color: #fff; font-size: 16px;"><i class="fab fa-twitter"></i></a>
        <a href="#" style="margin: 0 10px; color: #fff; font-size: 16px;"><i class="fab fa-instagram"></i></a>
        <a href="#" style="margin: 0 10px; color: #fff; font-size: 16px;"><i class="fab fa-google"></i></a>
        <a href="#" style="margin: 0 10px; color: #fff; font-size: 16px;"><i class="fab fa-linkedin-in"></i></a>
    </div>

    <!-- Copyright Section -->
    <div style="text-align: center; margin-top: 20px; font-size: 12px; color: #999;">
        ©Copyright. All rights reserved.
    </div>
</footer>

<!--External Scripts-->
 <script src="/js/cart.js"></script>
 <script src="https://code.jquery.com/jquery-3.6.4.min.js"></script>
 <script src="https://cdn.jsdelivr.net/npm/bootstrap@5.3.0-alpha3/dist/js/bootstrap.bundle.min.js"></script>
 <script src="https://cdn.jsdelivr.net/npm/bootstrap@5.3.0/dist/js/bootstrap.bundle.min.js"></script>
</body>
</html>



Test passed for user 4: 






<!DOCTYPE html>
<html>
<head>
    <meta charset="UTF-8">
    <title>Your Cart</title>
    <link href="https://cdn.jsdelivr.net/npm/bootstrap@5.3.0-alpha3/dist/css/bootstrap.min.css" rel="stylesheet">
    <link rel="stylesheet" href="https://cdnjs.cloudflare.com/ajax/libs/font-awesome/6.0.0/css/all.min.css">
    <link rel="stylesheet" href="https://cdnjs.cloudflare.com/ajax/libs/font-awesome/6.4.2/css/all.min.css">
    <link rel="stylesheet" href="/css/Products.css">
    <link rel="stylesheet" href="/css/Cart.css">   
</head>
<body>
    <header style="background-color: #121212; padding: 10px 20px; font-family: Arial, sans-serif; color: #fff; font-size: 16px;">
    <div style="max-width: 1200px; margin: 0 auto; display: flex; justify-content: space-between; align-items: center;">
        <!-- Logo -->
        <div style="font-size: 22px; font-weight: bold;">
            <a href="#" style="color: #fff; text-decoration: none;">SYOS</a>
        </div>

        <!-- Navigation Links -->
        <nav>
            <ul style="list-style: none; display: flex; margin: 0; padding: 0;">
                <li style="margin: 0 15px;">
                    <a href="#" style="color: #fff; text-decoration: none; padding: 5px 10px; transition: color 0.3s ease;">Home</a>
                </li>
                <li style="margin: 0 15px;">
                    <a href="#" style="color: #fff; text-decoration: none; padding: 5px 10px; transition: color 0.3s ease;">About</a>
                </li>
                <li style="margin: 0 15px;">
                    <a href="#" style="color: #fff; text-decoration: none; padding: 5px 10px; transition: color 0.3s ease;">Services</a>
                </li>
                <li style="margin: 0 15px;">
                    <a href="#" style="color: #fff; text-decoration: none; padding: 5px 10px; transition: color 0.3s ease;">Contact</a>
                </li>
            </ul>
        </nav>
        <div>
            <a href="#" style="color: #fff; text-decoration: none; padding: 8px 15px; border: 1px solid #fff; border-radius: 5px; transition: background-color 0.3s ease, color 0.3s ease;">
                Get Started
            </a>
        </div>
    </div>
</header>

    <!-- Slideshow -->
    <div id="slideshow" class="carousel slide" data-bs-ride="carousel">
        <div class="carousel-inner">
            <div class="carousel-item active">
                <img src="/images/8.png" class="d-block w-100" alt="Slide 1">
            </div>
            <div class="carousel-item">
                <img src="/images/11.png" class="d-block w-100" alt="Slide 2">
            </div>
        </div>
        <button class="carousel-control-prev" type="button" data-bs-target="#slideshow" data-bs-slide="prev">
            <span class="carousel-control-prev-icon" aria-hidden="true"></span>
            <span class="visually-hidden">Previous</span>
        </button>
        <button class="carousel-control-next" type="button" data-bs-target="#slideshow" data-bs-slide="next">
            <span class="carousel-control-next-icon" aria-hidden="true"></span>
            <span class="visually-hidden">Next</span>
        </button>
    </div>
            
    <!--Browse Categories-->
     <div class="container text-center mt-5">
        <h2 class="category-heading">Browse All Categories</h2>
        <p class="category-subtext">Sticky niche markets via goal-oriented networks. Completely recapitalize.</p>
        <div class="row mt-4 justify-content-center">
            <div class="col-md-2">
                <div class="category-card active-category">
                    <img src="/images/4.png" alt="Medicine">
                    <h5>Medicine</h5>             
                </div>
            </div>
            <div class="col-md-2">
                <div class="category-card active-category">
                    <img src="/images/13.png" alt="Makeup">
                    <h5>Makeup</h5>               
                </div>
            </div>
            <div class="col-md-2">
                <div class="category-card active-category">
                    <img src="/images/7.png" alt="Vegetables">
                    <h5>Vegetables</h5>               
                </div>
            </div>
            <div class="col-md-2">
                <div class="category-card active-category">
                    <img src="/images/5.png" alt="Stationary">
                    <h5>Stationary</h5>             
                </div>
            </div>
            <div class="col-md-2">
                <div class="category-card active-category">
                    <img src="/images/10.png" alt="Dessert">
                    <h5>Dessert</h5>               
                </div>
            </div>
            <div class="col-md-2">
                <div class="category-card active-category">
                    <img src="/images/9.png" alt="Toys">
                    <h5>Toys</h5>                 
                </div>
            </div>
        </div>
    </div>
    <div class="container mt-5">
        <div class="row">
            <!-- Fresh Vegetable Banner -->
            <div class="col-md-6">
                <div class="promo-card">
                    <img src="/images/shop1.png" alt="Fresh Vegetables" class="promo-image">
                    <div class="promo-overlay">
                        <h4>Enjoy up to 20%</h4>
                        <h2>Fresh Vegetable</h2>
                        <a href="#" class="btn btn-success">Shop Now</a>
                    </div>
                </div>
            </div>

            <!-- Organic Product Banner -->
            <div class="col-md-6">
                <div class="promo-card">
                    <img src="/images/oven.webp" alt="Organic Products" class="promo-image">
                    <div class="promo-overlay">
                        <h4>Enjoy up to 20% on all Products</h4>
                        <h2>All Tasted Organic & Fresh Product</h2>
                        <a href="#" class="btn btn-warning">Shop Now</a>
                    </div>
                </div>
            </div>
        </div>
    </div>

<section style="background-color: #ffffff; padding: 40px 20px;">
    <div style="max-width: 1200px; margin: 0 auto;">
        <h2 style="text-align: center; color: #d57b1f;">Our Products</h2>

        <!-- Product Form -->
    <form id="cartForm" method="post" action="/Pages/cart">
        <input type="hidden" name="action" value="sendToCartItems" />

        <div class="row row-cols-1 row-cols-md-4 g-4" id="productGrid">
            
                <div class="col">
                    <div class="product-card p-3 original-product">
                        
                       <!-- Stock and Sale Badges -->
                        <span class="badge-stock">IN STOCK</span>
                        <span class="badge-sale">SALE</span>
                        <div class="image-container">
                            <img src="/images/icecreamcake.png" alt="Imorich Ice Cream Cake" class="product-img">
                        </div>
                        
                        <!-- Hover Overlay (Icons) -->
                                <div class="hover-overlay">
                                    <div class="icon-btn"><i class="fa-regular fa-heart"></i></div>  
                                    <div class="icon-btn"><i class="fa-solid fa-shuffle"></i></div>  
                                    <div class="icon-btn"><i class="fa-regular fa-eye"></i></div>  
                                    <div class="icon-btn"><i class="fa-solid fa-cart-plus"></i></div>  
                                </div>
                                <div class="star-rating">★ ★ ★ ★ ☆ (4.5)</div>
                            <p class="card-title mb-1">Imorich Ice Cream Cake</p>
                            
                        <!-- Price Display -->
                        <p class="price">
                            $<span class="product-price">
                                132.0
                                 <span class="old-price">$150.00</span>
                            </span>
                        </p>
                        
                        <!-- Quantity Controls -->
                        <div class="quantity-container" style="display: none;">
                            <button type="button" class="quantity-btn decrement">-</button>
                            <input type="number" name="quantity-1" value="0" min="0" class="quantity-input">
                            <button type="button" class="quantity-btn increment">+</button>

                            <button type="button" class="btn btn-danger trash-btn" style="margin-left: 10px;">
                         <i class="fa-solid fa-trash"></i>
                         </button>
                        </div>

                        <!-- Total Display -->
                      <p class="fw-bold text-center total-price-container" style="display: none;">
                            Total: $<span class="total-price">0.00</span>
                        </p>

                        <!-- Clone Button -->
                        <div class="text-center mt-2">
                            <button type="button" class="btn btn-primary test-btn">Add To Cart</button>
                        </div>

                        <input type="hidden" name="productId" value="1" />
                    </div>
                </div>
            
                <div class="col">
                    <div class="product-card p-3 original-product">
                        
                       <!-- Stock and Sale Badges -->
                        <span class="badge-stock">IN STOCK</span>
                        <span class="badge-sale">SALE</span>
                        <div class="image-container">
                            <img src="/images/icecream.png" alt="Imorich Vanilla IceCream" class="product-img">
                        </div>
                        
                        <!-- Hover Overlay (Icons) -->
                                <div class="hover-overlay">
                                    <div class="icon-btn"><i class="fa-regular fa-heart"></i></div>  
                                    <div class="icon-btn"><i class="fa-solid fa-shuffle"></i></div>  
                                    <div class="icon-btn"><i class="fa-regular fa-eye"></i></div>  
                                    <div class="icon-btn"><i class="fa-solid fa-cart-plus"></i></div>  
                                </div>
                                <div class="star-rating">★ ★ ★ ★ ☆ (4.5)</div>
                            <p class="card-title mb-1">Imorich Vanilla IceCream</p>
                            
                        <!-- Price Display -->
                        <p class="price">
                            $<span class="product-price">
                                102.01
                                 <span class="old-price">$150.00</span>
                            </span>
                        </p>
                        
                        <!-- Quantity Controls -->
                        <div class="quantity-container" style="display: none;">
                            <button type="button" class="quantity-btn decrement">-</button>
                            <input type="number" name="quantity-15" value="0" min="0" class="quantity-input">
                            <button type="button" class="quantity-btn increment">+</button>

                            <button type="button" class="btn btn-danger trash-btn" style="margin-left: 10px;">
                         <i class="fa-solid fa-trash"></i>
                         </button>
                        </div>

                        <!-- Total Display -->
                      <p class="fw-bold text-center total-price-container" style="display: none;">
                            Total: $<span class="total-price">0.00</span>
                        </p>

                        <!-- Clone Button -->
                        <div class="text-center mt-2">
                            <button type="button" class="btn btn-primary test-btn">Add To Cart</button>
                        </div>

                        <input type="hidden" name="productId" value="15" />
                    </div>
                </div>
            
                <div class="col">
                    <div class="product-card p-3 original-product">
                        
                       <!-- Stock and Sale Badges -->
                        <span class="badge-stock">IN STOCK</span>
                        <span class="badge-sale">SALE</span>
                        <div class="image-container">
                            <img src="/images/sunquick.png" alt="Sunquick Bottle" class="product-img">
                        </div>
                        
                        <!-- Hover Overlay (Icons) -->
                                <div class="hover-overlay">
                                    <div class="icon-btn"><i class="fa-regular fa-heart"></i></div>  
                                    <div class="icon-btn"><i class="fa-solid fa-shuffle"></i></div>  
                                    <div class="icon-btn"><i class="fa-regular fa-eye"></i></div>  
                                    <div class="icon-btn"><i class="fa-solid fa-cart-plus"></i></div>  
                                </div>
                                <div class="star-rating">★ ★ ★ ★ ☆ (4.5)</div>
                            <p class="card-title mb-1">Sunquick Bottle</p>
                            
                        <!-- Price Display -->
                        <p class="price">
                            $<span class="product-price">
                                306.03
                                 <span class="old-price">$150.00</span>
                            </span>
                        </p>
                        
                        <!-- Quantity Controls -->
                        <div class="quantity-container" style="display: none;">
                            <button type="button" class="quantity-btn decrement">-</button>
                            <input type="number" name="quantity-17" value="0" min="0" class="quantity-input">
                            <button type="button" class="quantity-btn increment">+</button>

                            <button type="button" class="btn btn-danger trash-btn" style="margin-left: 10px;">
                         <i class="fa-solid fa-trash"></i>
                         </button>
                        </div>

                        <!-- Total Display -->
                      <p class="fw-bold text-center total-price-container" style="display: none;">
                            Total: $<span class="total-price">0.00</span>
                        </p>

                        <!-- Clone Button -->
                        <div class="text-center mt-2">
                            <button type="button" class="btn btn-primary test-btn">Add To Cart</button>
                        </div>

                        <input type="hidden" name="productId" value="17" />
                    </div>
                </div>
            
                <div class="col">
                    <div class="product-card p-3 original-product">
                        
                       <!-- Stock and Sale Badges -->
                        <span class="badge-stock">IN STOCK</span>
                        <span class="badge-sale">SALE</span>
                        <div class="image-container">
                            <img src="/images/nivea.png" alt="Nivea Skincare" class="product-img">
                        </div>
                        
                        <!-- Hover Overlay (Icons) -->
                                <div class="hover-overlay">
                                    <div class="icon-btn"><i class="fa-regular fa-heart"></i></div>  
                                    <div class="icon-btn"><i class="fa-solid fa-shuffle"></i></div>  
                                    <div class="icon-btn"><i class="fa-regular fa-eye"></i></div>  
                                    <div class="icon-btn"><i class="fa-solid fa-cart-plus"></i></div>  
                                </div>
                                <div class="star-rating">★ ★ ★ ★ ☆ (4.5)</div>
                            <p class="card-title mb-1">Nivea Skincare</p>
                            
                        <!-- Price Display -->
                        <p class="price">
                            $<span class="product-price">
                                102.01
                                 <span class="old-price">$150.00</span>
                            </span>
                        </p>
                        
                        <!-- Quantity Controls -->
                        <div class="quantity-container" style="display: none;">
                            <button type="button" class="quantity-btn decrement">-</button>
                            <input type="number" name="quantity-20" value="0" min="0" class="quantity-input">
                            <button type="button" class="quantity-btn increment">+</button>

                            <button type="button" class="btn btn-danger trash-btn" style="margin-left: 10px;">
                         <i class="fa-solid fa-trash"></i>
                         </button>
                        </div>

                        <!-- Total Display -->
                      <p class="fw-bold text-center total-price-container" style="display: none;">
                            Total: $<span class="total-price">0.00</span>
                        </p>

                        <!-- Clone Button -->
                        <div class="text-center mt-2">
                            <button type="button" class="btn btn-primary test-btn">Add To Cart</button>
                        </div>

                        <input type="hidden" name="productId" value="20" />
                    </div>
                </div>
            
                <div class="col">
                    <div class="product-card p-3 original-product">
                        
                       <!-- Stock and Sale Badges -->
                        <span class="badge-stock">IN STOCK</span>
                        <span class="badge-sale">SALE</span>
                        <div class="image-container">
                            <img src="/images/ponds.png" alt="Ponds" class="product-img">
                        </div>
                        
                        <!-- Hover Overlay (Icons) -->
                                <div class="hover-overlay">
                                    <div class="icon-btn"><i class="fa-regular fa-heart"></i></div>  
                                    <div class="icon-btn"><i class="fa-solid fa-shuffle"></i></div>  
                                    <div class="icon-btn"><i class="fa-regular fa-eye"></i></div>  
                                    <div class="icon-btn"><i class="fa-solid fa-cart-plus"></i></div>  
                                </div>
                                <div class="star-rating">★ ★ ★ ★ ☆ (4.5)</div>
                            <p class="card-title mb-1">Ponds</p>
                            
                        <!-- Price Display -->
                        <p class="price">
                            $<span class="product-price">
                                1.02
                                 <span class="old-price">$150.00</span>
                            </span>
                        </p>
                        
                        <!-- Quantity Controls -->
                        <div class="quantity-container" style="display: none;">
                            <button type="button" class="quantity-btn decrement">-</button>
                            <input type="number" name="quantity-21" value="0" min="0" class="quantity-input">
                            <button type="button" class="quantity-btn increment">+</button>

                            <button type="button" class="btn btn-danger trash-btn" style="margin-left: 10px;">
                         <i class="fa-solid fa-trash"></i>
                         </button>
                        </div>

                        <!-- Total Display -->
                      <p class="fw-bold text-center total-price-container" style="display: none;">
                            Total: $<span class="total-price">0.00</span>
                        </p>

                        <!-- Clone Button -->
                        <div class="text-center mt-2">
                            <button type="button" class="btn btn-primary test-btn">Add To Cart</button>
                        </div>

                        <input type="hidden" name="productId" value="21" />
                    </div>
                </div>
            
                <div class="col">
                    <div class="product-card p-3 original-product">
                        
                       <!-- Stock and Sale Badges -->
                        <span class="badge-stock">IN STOCK</span>
                        <span class="badge-sale">SALE</span>
                        <div class="image-container">
                            <img src="/images/parata.png" alt="Frozen Parata Kest" class="product-img">
                        </div>
                        
                        <!-- Hover Overlay (Icons) -->
                                <div class="hover-overlay">
                                    <div class="icon-btn"><i class="fa-regular fa-heart"></i></div>  
                                    <div class="icon-btn"><i class="fa-solid fa-shuffle"></i></div>  
                                    <div class="icon-btn"><i class="fa-regular fa-eye"></i></div>  
                                    <div class="icon-btn"><i class="fa-solid fa-cart-plus"></i></div>  
                                </div>
                                <div class="star-rating">★ ★ ★ ★ ☆ (4.5)</div>
                            <p class="card-title mb-1">Frozen Parata Kest</p>
                            
                        <!-- Price Display -->
                        <p class="price">
                            $<span class="product-price">
                                102.01
                                 <span class="old-price">$150.00</span>
                            </span>
                        </p>
                        
                        <!-- Quantity Controls -->
                        <div class="quantity-container" style="display: none;">
                            <button type="button" class="quantity-btn decrement">-</button>
                            <input type="number" name="quantity-28" value="0" min="0" class="quantity-input">
                            <button type="button" class="quantity-btn increment">+</button>

                            <button type="button" class="btn btn-danger trash-btn" style="margin-left: 10px;">
                         <i class="fa-solid fa-trash"></i>
                         </button>
                        </div>

                        <!-- Total Display -->
                      <p class="fw-bold text-center total-price-container" style="display: none;">
                            Total: $<span class="total-price">0.00</span>
                        </p>

                        <!-- Clone Button -->
                        <div class="text-center mt-2">
                            <button type="button" class="btn btn-primary test-btn">Add To Cart</button>
                        </div>

                        <input type="hidden" name="productId" value="28" />
                    </div>
                </div>
            
                <div class="col">
                    <div class="product-card p-3 original-product">
                        
                       <!-- Stock and Sale Badges -->
                        <span class="badge-stock">IN STOCK</span>
                        <span class="badge-sale">SALE</span>
                        <div class="image-container">
                            <img src="/images/apples.png" alt="Apple Keels" class="product-img">
                        </div>
                        
                        <!-- Hover Overlay (Icons) -->
                                <div class="hover-overlay">
                                    <div class="icon-btn"><i class="fa-regular fa-heart"></i></div>  
                                    <div class="icon-btn"><i class="fa-solid fa-shuffle"></i></div>  
                                    <div class="icon-btn"><i class="fa-regular fa-eye"></i></div>  
                                    <div class="icon-btn"><i class="fa-solid fa-cart-plus"></i></div>  
                                </div>
                                <div class="star-rating">★ ★ ★ ★ ☆ (4.5)</div>
                            <p class="card-title mb-1">Apple Keels</p>
                            
                        <!-- Price Display -->
                        <p class="price">
                            $<span class="product-price">
                                20.4
                                 <span class="old-price">$150.00</span>
                            </span>
                        </p>
                        
                        <!-- Quantity Controls -->
                        <div class="quantity-container" style="display: none;">
                            <button type="button" class="quantity-btn decrement">-</button>
                            <input type="number" name="quantity-29" value="0" min="0" class="quantity-input">
                            <button type="button" class="quantity-btn increment">+</button>

                            <button type="button" class="btn btn-danger trash-btn" style="margin-left: 10px;">
                         <i class="fa-solid fa-trash"></i>
                         </button>
                        </div>

                        <!-- Total Display -->
                      <p class="fw-bold text-center total-price-container" style="display: none;">
                            Total: $<span class="total-price">0.00</span>
                        </p>

                        <!-- Clone Button -->
                        <div class="text-center mt-2">
                            <button type="button" class="btn btn-primary test-btn">Add To Cart</button>
                        </div>

                        <input type="hidden" name="productId" value="29" />
                    </div>
                </div>
            
                <div class="col">
                    <div class="product-card p-3 original-product">
                        
                       <!-- Stock and Sale Badges -->
                        <span class="badge-stock">IN STOCK</span>
                        <span class="badge-sale">SALE</span>
                        <div class="image-container">
                            <img src="/images/meat.png" alt="Meat" class="product-img">
                        </div>
                        
                        <!-- Hover Overlay (Icons) -->
                                <div class="hover-overlay">
                                    <div class="icon-btn"><i class="fa-regular fa-heart"></i></div>  
                                    <div class="icon-btn"><i class="fa-solid fa-shuffle"></i></div>  
                                    <div class="icon-btn"><i class="fa-regular fa-eye"></i></div>  
                                    <div class="icon-btn"><i class="fa-solid fa-cart-plus"></i></div>  
                                </div>
                                <div class="star-rating">★ ★ ★ ★ ☆ (4.5)</div>
                            <p class="card-title mb-1">Meat</p>
                            
                        <!-- Price Display -->
                        <p class="price">
                            $<span class="product-price">
                                206.04
                                 <span class="old-price">$150.00</span>
                            </span>
                        </p>
                        
                        <!-- Quantity Controls -->
                        <div class="quantity-container" style="display: none;">
                            <button type="button" class="quantity-btn decrement">-</button>
                            <input type="number" name="quantity-30" value="0" min="0" class="quantity-input">
                            <button type="button" class="quantity-btn increment">+</button>

[...]
                        <p class="price">
                            $<span class="product-price">
                                206.04
                                 <span class="old-price">$150.00</span>
                            </span>
                        </p>
                        
                        <!-- Quantity Controls -->
                        <div class="quantity-container" style="display: none;">
                            <button type="button" class="quantity-btn decrement">-</button>
                            <input type="number" name="quantity-30" value="0" min="0" class="quantity-input">
                            <button type="button" class="quantity-btn increment">+</button>

                            <button type="button" class="btn btn-danger trash-btn" style="margin-left: 10px;">
                         <i class="fa-solid fa-trash"></i>
                         </button>
                        </div>

                        <!-- Total Display -->
                      <p class="fw-bold text-center total-price-container" style="display: none;">
                            Total: $<span class="total-price">0.00</span>
                        </p>

                        <!-- Clone Button -->
                        <div class="text-center mt-2">
                            <button type="button" class="btn btn-primary test-btn">Add To Cart</button>
                        </div>

                        <input type="hidden" name="productId" value="30" />
                    </div>
                </div>
            
                <div class="col">
                    <div class="product-card p-3 original-product">
                        
                       <!-- Stock and Sale Badges -->
                        <span class="badge-stock">IN STOCK</span>
                        <span class="badge-sale">SALE</span>
                        <div class="image-container">
                            <img src="/images/oven.png" alt="Singer Oven" class="product-img">
                        </div>
                        
                        <!-- Hover Overlay (Icons) -->
                                <div class="hover-overlay">
                                    <div class="icon-btn"><i class="fa-regular fa-heart"></i></div>  
                                    <div class="icon-btn"><i class="fa-solid fa-shuffle"></i></div>  
                                    <div class="icon-btn"><i class="fa-regular fa-eye"></i></div>  
                                    <div class="icon-btn"><i class="fa-solid fa-cart-plus"></i></div>  
                                </div>
                                <div class="star-rating">★ ★ ★ ★ ☆ (4.5)</div>
                            <p class="card-title mb-1">Singer Oven</p>
                            
                        <!-- Price Display -->
                        <p class="price">
                            $<span class="product-price">
                                10404.0
                                 <span class="old-price">$150.00</span>
                            </span>
                        </p>
                        
                        <!-- Quantity Controls -->
                        <div class="quantity-container" style="display: none;">
                            <button type="button" class="quantity-btn decrement">-</button>
                            <input type="number" name="quantity-31" value="0" min="0" class="quantity-input">
                            <button type="button" class="quantity-btn increment">+</button>

                            <button type="button" class="btn btn-danger trash-btn" style="margin-left: 10px;">
                         <i class="fa-solid fa-trash"></i>
                         </button>
                        </div>

                        <!-- Total Display -->
                      <p class="fw-bold text-center total-price-container" style="display: none;">
                            Total: $<span class="total-price">0.00</span>
                        </p>

                        <!-- Clone Button -->
                        <div class="text-center mt-2">
                            <button type="button" class="btn btn-primary test-btn">Add To Cart</button>
                        </div>

                        <input type="hidden" name="productId" value="31" />
                    </div>
                </div>
            
                <div class="col">
                    <div class="product-card p-3 original-product">
                        
                       <!-- Stock and Sale Badges -->
                        <span class="badge-stock">IN STOCK</span>
                        <span class="badge-sale">SALE</span>
                        <div class="image-container">
                            <img src="/images/LUX.webp" alt="LUX soap" class="product-img">
                        </div>
                        
                        <!-- Hover Overlay (Icons) -->
                                <div class="hover-overlay">
                                    <div class="icon-btn"><i class="fa-regular fa-heart"></i></div>  
                                    <div class="icon-btn"><i class="fa-solid fa-shuffle"></i></div>  
                                    <div class="icon-btn"><i class="fa-regular fa-eye"></i></div>  
                                    <div class="icon-btn"><i class="fa-solid fa-cart-plus"></i></div>  
                                </div>
                                <div class="star-rating">★ ★ ★ ★ ☆ (4.5)</div>
                            <p class="card-title mb-1">LUX soap</p>
                            
                        <!-- Price Display -->
                        <p class="price">
                            $<span class="product-price">
                                200.6
                                 <span class="old-price">$150.00</span>
                            </span>
                        </p>
                        
                        <!-- Quantity Controls -->
                        <div class="quantity-container" style="display: none;">
                            <button type="button" class="quantity-btn decrement">-</button>
                            <input type="number" name="quantity-35" value="0" min="0" class="quantity-input">
                            <button type="button" class="quantity-btn increment">+</button>

                            <button type="button" class="btn btn-danger trash-btn" style="margin-left: 10px;">
                         <i class="fa-solid fa-trash"></i>
                         </button>
                        </div>

                        <!-- Total Display -->
                      <p class="fw-bold text-center total-price-container" style="display: none;">
                            Total: $<span class="total-price">0.00</span>
                        </p>

                        <!-- Clone Button -->
                        <div class="text-center mt-2">
                            <button type="button" class="btn btn-primary test-btn">Add To Cart</button>
                        </div>

                        <input type="hidden" name="productId" value="35" />
                    </div>
                </div>
            
                <div class="col">
                    <div class="product-card p-3 original-product">
                        
                       <!-- Stock and Sale Badges -->
                        <span class="badge-stock">IN STOCK</span>
                        <span class="badge-sale">SALE</span>
                        <div class="image-container">
                            <img src="/images/maggie.png" alt="Maggie Noodles" class="product-img">
                        </div>
                        
                        <!-- Hover Overlay (Icons) -->
                                <div class="hover-overlay">
                                    <div class="icon-btn"><i class="fa-regular fa-heart"></i></div>  
                                    <div class="icon-btn"><i class="fa-solid fa-shuffle"></i></div>  
                                    <div class="icon-btn"><i class="fa-regular fa-eye"></i></div>  
                                    <div class="icon-btn"><i class="fa-solid fa-cart-plus"></i></div>  
                                </div>
                                <div class="star-rating">★ ★ ★ ★ ☆ (4.5)</div>
                            <p class="card-title mb-1">Maggie Noodles</p>
                            
                        <!-- Price Display -->
                        <p class="price">
                            $<span class="product-price">
                                200.6
                                 <span class="old-price">$150.00</span>
                            </span>
                        </p>
                        
                        <!-- Quantity Controls -->
                        <div class="quantity-container" style="display: none;">
                            <button type="button" class="quantity-btn decrement">-</button>
                            <input type="number" name="quantity-36" value="0" min="0" class="quantity-input">
                            <button type="button" class="quantity-btn increment">+</button>

                            <button type="button" class="btn btn-danger trash-btn" style="margin-left: 10px;">
                         <i class="fa-solid fa-trash"></i>
                         </button>
                        </div>

                        <!-- Total Display -->
                      <p class="fw-bold text-center total-price-container" style="display: none;">
                            Total: $<span class="total-price">0.00</span>
                        </p>

                        <!-- Clone Button -->
                        <div class="text-center mt-2">
                            <button type="button" class="btn btn-primary test-btn">Add To Cart</button>
                        </div>

                        <input type="hidden" name="productId" value="36" />
                    </div>
                </div>
            
        </div>

        <!-- Checkout Button -->
        <div class="text-center mt-3">
            <button type="submit" class="btn btn-success checkout-btn">Checkout to Cart</button>
        </div>
    </form>

    <!-- Toggle Cart Button (Will Change Icon Dynamically) -->
    <button id="toggleCartBtn" style="
        position: fixed;
        top: 20px;
        right: 20px;
        z-index: 1000;
        background: #ffffff;
        border-color: grey;
        border-width: thin 1px;
        color: black;
        padding: 10px 15px;
        font-size: 16px;
        cursor: pointer;
        border-radius: 5px;
        display: flex;
        align-items: center;
        justify-content: center;
    ">
        <i id="cartIcon" class="fa-solid fa-cart-shopping"></i> <!-- FontAwesome Cart Icon -->
    </button>

    <!-- Side Panel for Cloned Products -->
    <div id="sidePanel" style="
        position: fixed;
        top: 0;
        right: -600px;
        width: 600px;
        height: 100vh;
        background: white;
        border-left: 2px solid #ddd;
        box-shadow: -3px 0 5px rgba(0, 0, 0, 0.1);
        overflow-y: auto;
        padding: 15px;
        transition: right 0.3s ease-in-out;
    ">
        <h3 class="cart-heading">Cart Items</h3>

        <div id="sidePanelContent"></div>
        <hr>
        <!-- Grand Total Section -->
        <div class="container mt-4">
            <h3 class="cart-heading2">
                Grand Total: <span id="grandTotal">0.00</span>
            </h3>
        </div>
    </div>

 <!-- Image Carousel -->
    <div class="container mt-5">
        <div id="multiItemCarousel" class="carousel slide" data-bs-ride="carousel">
            
            <div class="carousel-inner">
                <!-- First Slide -->
                <div class="carousel-item active">
                    <div class="row">
                        <div class="col-md-4">
                            <img src="/images/Nivea_skincare.JPG" class="d-block w-100 carousel-img" alt="Luxury Beauty">
                        </div>
                        <div class="col-md-4">
                            <img src="/images/Imorich_vanilla_ice_cream.jpg" class="d-block w-100 carousel-img" alt="Makeup Brushes">
                        </div>
                        <div class="col-md-4">
                            <img src="/images/scent.webp" class="d-block w-100 carousel-img" alt="Natural Beauty">
                        </div>
                    </div>
                </div>

                <!-- Second Slide -->
                <div class="carousel-item">
                    <div class="row">
                        <div class="col-md-4">
                            <img src="/images/frozen_parata_krest.webp" class="d-block w-100 carousel-img" alt="Skincare Tips">
                        </div>
                        <div class="col-md-4">
                            <img src="/images/Sunquick_bottle.jpg" class="d-block w-100 carousel-img" alt="Beauty Hacks">
                        </div>
                        <div class="col-md-4">
                            <img src="/images/ponds1.jpg" class="d-block w-100 carousel-img" alt="Self-Care">
                        </div>
                    </div>
                </div>
            </div>
            
            <!-- Carousel Controls -->
            <button class="carousel-control-prev" type="button" data-bs-target="#multiItemCarousel" data-bs-slide="prev">
                <span class="carousel-control-prev-icon" aria-hidden="true"></span>
                <span class="visually-hidden">Previous</span>
            </button>
            <button class="carousel-control-next" type="button" data-bs-target="#multiItemCarousel" data-bs-slide="next">
                <span class="carousel-control-next-icon" aria-hidden="true"></span>
                <span class="visually-hidden">Next</span>
            </button>
        </div>
    </div>
            
 <!-- Top Divider for a Rich Look -->
    <div class="blog-divider"></div>

    <div class="container text-center mt-5">
        <h2 class="blog-heading">From The Blog</h2>
        <p class="blog-subtext">Get all the latest skincare essentials news, tips, and tricks to nurture your skin glowy, dewy best before you even think makeup.</p>

        <div class="row mt-4 justify-content-center">
            <!-- Blog Post 1 -->
            <div class="col-md-4">
                <div class="blog-card">
                    <img src="/images/27.png" alt="Luxury Beauty" class="blog-image">
                    <h5 class="blog-title">Tips & procedure to apply luxury beauty cosmetic cream</h5>
                    <p class="blog-date">APRIL 2, 2021</p>
                </div>
            </div>

            <!-- Blog Post 2 -->
            <div class="col-md-4">
                <div class="blog-card">
                    <img src="/images/25.png" alt="Makeup Brushes" class="blog-image">
                    <h5 class="blog-title">The best part about makeup is brush and its types</h5>
                    <p class="blog-date">APRIL 2, 2021</p>
                </div>
            </div>

            <!-- Blog Post 3 -->
            <div class="col-md-4">
                <div class="blog-card">
                    <img src="/images/32.png" alt="Lightweight Makeup" class="blog-image">
                    <h5 class="blog-title">Lightweight makeup to enhance your natural beauty</h5>
                    <p class="blog-date">APRIL 2, 2021</p>
                </div>
            </div>
        </div>
    </div>

    <div class="blog-bottom-space"></div>
</section>

<!--Footer-->
<footer style="background-color: #121212; color: #fff; padding: 40px 20px; font-family: Arial, sans-serif; font-size: 14px;">
    <div style="max-width: 1200px; margin: 0 auto; display: flex; flex-wrap: wrap; justify-content: space-between; align-items: flex-start;">
        <!-- Logo Section -->
        <div style="flex: 1; min-width: 200px; margin-bottom: 20px;">
            <h2 style="margin: 0; font-size: 20px;">SYOS</h2>
            <p style="margin-top: 5px; font-size: 12px; color: #999;">GROCERY STORE</p>
        </div>

        <!-- Links Section -->
        <div style="flex: 3; display: flex; justify-content: space-between; flex-wrap: wrap; min-width: 600px;">
            <div style="flex: 1; min-width: 150px; margin-bottom: 20px;">
                <ul style="list-style: none; padding: 0;">
                    <li><a href="#" style="color: #fff; text-decoration: none; font-size: 14px;">FAQs</a></li>
                    <li><a href="#" style="color: #fff; text-decoration: none; font-size: 14px;">Online Support</a></li>
                    <li><a href="#" style="color: #fff; text-decoration: none; font-size: 14px;">Submit a Complaint</a></li>
                </ul>
            </div>
            <div style="flex: 1; min-width: 150px; margin-bottom: 20px;">
                <ul style="list-style: none; padding: 0;">
                    <li><a href="#" style="color: #fff; text-decoration: none; font-size: 14px;">Services</a></li>
                    <li><a href="#" style="color: #fff; text-decoration: none; font-size: 14px;">Products</a></li>
                </ul>
            </div>
            <div style="flex: 1; min-width: 150px; margin-bottom: 20px;">
                <ul style="list-style: none; padding: 0;">
                    <li><a href="#" style="color: #fff; text-decoration: none; font-size: 14px;">Showcase</a></li>
                    <li><a href="#" style="color: #fff; text-decoration: none; font-size: 14px;">Delivery</a></li>
                    <li><a href="#" style="color: #fff; text-decoration: none; font-size: 14px;">Support</a></li>
                </ul>
            </div>
            <div style="flex: 1; min-width: 150px; margin-bottom: 20px;">
                <ul style="list-style: none; padding: 0;">
                    <li><a href="#" style="color: #fff; text-decoration: none; font-size: 14px;">About Us</a></li>
                    <li><a href="#" style="color: #fff; text-decoration: none; font-size: 14px;">Contact Us</a></li>
                    <li><a href="#" style="color: #fff; text-decoration: none; font-size: 14px;">Affiliates</a></li>
                    <li><a href="#" style="color: #fff; text-decoration: none; font-size: 14px;">Resources</a></li>
                </ul>
            </div>
        </div>
    </div>

    <!-- Social Media Section -->
    <div style="text-align: center; margin-top: 30px;">
        <a href="#" style="margin: 0 10px; color: #fff; font-size: 16px;"><i class="fab fa-facebook-f"></i></a>
        <a href="#" style="margin: 0 10px; color: #fff; font-size: 16px;"><i class="fab fa-twitter"></i></a>
        <a href="#" style="margin: 0 10px; color: #fff; font-size: 16px;"><i class="fab fa-instagram"></i></a>
        <a href="#" style="margin: 0 10px; color: #fff; font-size: 16px;"><i class="fab fa-google"></i></a>
        <a href="#" style="margin: 0 10px; color: #fff; font-size: 16px;"><i class="fab fa-linkedin-in"></i></a>
    </div>

    <!-- Copyright Section -->
    <div style="text-align: center; margin-top: 20px; font-size: 12px; color: #999;">
        ©Copyright. All rights reserved.
    </div>
</footer>

<!--External Scripts-->
 <script src="/js/cart.js"></script>
 <script src="https://code.jquery.com/jquery-3.6.4.min.js"></script>
 <script src="https://cdn.jsdelivr.net/npm/bootstrap@5.3.0-alpha3/dist/js/bootstrap.bundle.min.js"></script>
 <script src="https://cdn.jsdelivr.net/npm/bootstrap@5.3.0/dist/js/bootstrap.bundle.min.js"></script>
</body>
</html>



]]></system-out>
  </testcase>
</testsuite>